<?xml version="1.0" encoding="UTF-8"?>
<!-- Generated by org.testng.reporters.JUnitReportReporter -->
<testsuite hostname="LAPTOP-8C0MNRJE" failures="0" tests="1" name="opportunities_module.CreateOpportunityTest" time="19.804" errors="0" timestamp="2023-12-28T21:32:01 IST" skipped="0">
  <testcase classname="opportunities_module.CreateOpportunityTest" name="createOpportunityAndVerifyTest" time="19.804"/>
</testsuite> <!-- opportunities_module.CreateOpportunityTest -->
