<?xml version="1.0" encoding="UTF-8"?>
<!-- Generated by org.testng.reporters.JUnitReportReporter -->
<testsuite hostname="LAPTOP-8C0MNRJE" failures="0" tests="1" name="campaigns_module.CreateCampaignTest" time="37.926" errors="0" timestamp="2023-12-28T20:25:42 IST" skipped="0">
  <testcase classname="campaigns_module.CreateCampaignTest" name="createNewCampaignAndVerifyTest" time="37.926"/>
</testsuite> <!-- campaigns_module.CreateCampaignTest -->
